<?xml version="1.0" encoding="UTF-8"?>
<!-- Generated by org.testng.reporters.JUnitReportReporter -->
<testsuite hostname="LAPTOP-7N09RMVM" failures="0" tests="1" name="tests.MobileTest" time="9.453" errors="0" timestamp="2021-06-21T12:27:58 IST" skipped="0">
  <testcase classname="tests.MobileTest" name="mobilebuttonTest" time="9.453"/>
  <system-out/>
</testsuite> <!-- tests.MobileTest -->
