<?xml version="1.0" encoding="UTF-8"?>
<!-- Generated by org.testng.reporters.JUnitReportReporter -->
<testsuite hostname="LAPTOP-7N09RMVM" failures="0" tests="7" name="tests.LoginTest" time="107.386" errors="0" timestamp="2021-06-22T19:20:35 IST" skipped="0">
  <testcase classname="tests.LoginTest" name="loginPageTitleTest" time="17.161"/>
  <system-out/>
  <testcase classname="tests.LoginTest" name="aulaslogoImageTest" time="13.662"/>
  <system-out/>
  <testcase classname="tests.LoginTest" name="privacypolicyTest" time="15.102"/>
  <system-out/>
  <testcase classname="tests.LoginTest" name="termsandconditionsTest" time="13.758"/>
  <system-out/>
  <testcase classname="tests.LoginTest" name="SigninYourAccText" time="12.452"/>
  <system-out/>
  <testcase classname="tests.LoginTest" name="loginTest" time="16.347"/>
  <system-out/>
  <testcase classname="tests.LoginTest" name="PhoneButton" time="18.904"/>
  <system-out/>
</testsuite> <!-- tests.LoginTest -->
