<?xml version="1.0" encoding="UTF-8"?>
<!-- Generated by org.testng.reporters.JUnitReportReporter -->
<testsuite hostname="LAPTOP-7N09RMVM" failures="0" tests="1" name="tests.UserAddIngTest" time="39.904" errors="0" timestamp="2021-06-22T18:55:10 IST" skipped="0">
  <testcase classname="tests.UserAddIngTest" name="ValidateAddInfoPage" time="39.904"/>
  <system-out/>
</testsuite> <!-- tests.UserAddIngTest -->
