<?xml version="1.0" encoding="UTF-8"?>
<!-- Generated by org.testng.reporters.JUnitReportReporter -->
<testsuite hostname="LAPTOP-7N09RMVM" failures="0" tests="2" name="tests.PasswordTest" time="14.980" errors="0" timestamp="2021-06-21T11:47:40 IST" skipped="0">
  <testcase classname="tests.PasswordTest" name="emailText" time="7.748"/>
  <system-out/>
  <testcase classname="tests.PasswordTest" name="Goback" time="7.232"/>
  <system-out/>
</testsuite> <!-- tests.PasswordTest -->
