<?xml version="1.0" encoding="UTF-8"?>
<!-- Generated by org.testng.reporters.JUnitReportReporter -->
<testsuite hostname="LAPTOP-7N09RMVM" failures="0" tests="10" name="tests.HomeTest" time="140.689" errors="0" timestamp="2021-06-19T16:10:50 IST" skipped="0">
  <testcase classname="tests.HomeTest" name="UserButton" time="10.486"/>
  <system-out/>
  <testcase classname="tests.HomeTest" name="FeeButton" time="11.754"/>
  <system-out/>
  <testcase classname="tests.HomeTest" name="scheduleButton" time="10.770"/>
  <system-out/>
  <testcase classname="tests.HomeTest" name="liveClassesButton" time="13.314"/>
  <system-out/>
  <testcase classname="tests.HomeTest" name="calssroomsButton" time="17.194"/>
  <system-out/>
  <testcase classname="tests.HomeTest" name="AnnouncementButton" time="15.945"/>
  <system-out/>
  <testcase classname="tests.HomeTest" name="AttenButton" time="19.099"/>
  <system-out/>
  <testcase classname="tests.HomeTest" name="DLButton" time="11.484"/>
  <system-out/>
  <testcase classname="tests.HomeTest" name="AssignmentButton" time="11.455"/>
  <system-out/>
  <testcase classname="tests.HomeTest" name="TestButton" time="19.188"/>
  <system-out/>
</testsuite> <!-- tests.HomeTest -->
